2023-04-19 09:56:50,172 - root - INFO-22- Give the Model path for the saving the model.
2023-04-19 09:56:50,173 - root - INFO-23- Data Ingestion Has been Initilize
2023-04-19 09:56:50,191 - root - INFO-26- Read the data successfully
2023-04-19 09:56:50,268 - root - INFO-32- Data Ingestion Has been Successfully.
2023-04-19 09:56:50,311 - root - INFO-73- Read the Training and testing data set successfully.
2023-04-19 09:56:50,311 - root - INFO-25- Data Transfomation has been started.
2023-04-19 09:56:50,325 - root - INFO-28- Read the train data and test data successfully
2023-04-19 09:56:50,330 - root - INFO-34- Differeciate numeric features and categorical features
2023-04-19 09:56:50,330 - root - INFO-35- Our Numeric features are Index(['Unnamed: 0', 'CustomerID', 'Age', 'CityTier', 'DurationOfPitch',
       'NumberOfPersonVisiting', 'NumberOfFollowups', 'PreferredPropertyStar',
       'NumberOfTrips', 'Passport', 'PitchSatisfactionScore', 'OwnCar',
       'NumberOfChildrenVisiting', 'MonthlyIncome'],
      dtype='object')
2023-04-19 09:56:50,330 - root - INFO-36- Our categorical Features areIndex(['TypeofContact', 'Occupation', 'Gender', 'ProductPitched',
       'MaritalStatus', 'Designation'],
      dtype='object')
2023-04-19 09:56:50,331 - root - INFO-42- created numeric pipeline
2023-04-19 09:56:50,331 - root - INFO-48- createc categorical features.
2023-04-19 09:56:50,331 - root - INFO-55- Ready to train the Preprocessor on the training data
2023-04-19 09:56:50,331 - root - INFO-76- Load the Preprocessor Sucessfully..
2023-04-19 09:56:50,354 - root - INFO-85- Train the Preprocessor Successfully.
2023-04-19 09:56:50,358 - root - INFO-88- Save the Object Successfully..
2023-04-19 09:56:50,371 - root - INFO-92- Transform the Train data into the array using the transformer.
2023-04-19 09:56:50,372 - root - INFO-93- Transform the Test data into the arr using the preprocessor.
2023-04-19 09:56:50,372 - root - INFO-28- Model Path Initilize.
2023-04-19 09:56:50,372 - root - INFO-46- Give the Details about the Models
2023-04-19 09:56:50,372 - root - INFO-73- Define the paramters for the Hyperparamter tuning.
2023-04-19 09:56:58,580 - root - INFO-76- Fetch the Report about the Model using the utils define function.
2023-04-19 09:56:58,582 - root - INFO-78- Find out the best model and its accuracy by using utils defined function.
2023-04-19 09:56:58,584 - root - INFO-81- Save the Model Successfully.
